# JRE version: Java(TM) SE Runtime Environment (8.0_201-b09) (build 1.8.0_201-b09)
# Java VM: Java HotSpot(TM) 64-Bit Server VM (25.201-b09 mixed mode windows-amd64 compressed oops)
Heap:
 PSYoungGen      total 150528K, used 67706K [0x00000000d5d80000, 0x00000000e0a00000, 0x0000000100000000)
  eden space 150016K, 44% used [0x00000000d5d80000,0x00000000d9f66af8,0x00000000df000000)
  from space 512K, 43% used [0x00000000df480000,0x00000000df4b8000,0x00000000df500000)
  to   space 13312K, 0% used [0x00000000dfd00000,0x00000000dfd00000,0x00000000e0a00000)
 ParOldGen       total 124416K, used 29471K [0x0000000081800000, 0x0000000089180000, 0x00000000d5d80000)
  object space 124416K, 23% used [0x0000000081800000,0x00000000834c7c58,0x0000000089180000)
 Metaspace       used 63513K, capacity 66322K, committed 66600K, reserved 1107968K
  class space    used 8393K, capacity 8877K, committed 9000K, reserved 1048576K
GC Heap History (10 events):
Event: 368.963 GC heap before
{Heap before GC invocations=26 (full 3):
 PSYoungGen      total 185344K, used 177536K [0x00000000d5d80000, 0x00000000e2880000, 0x0000000100000000)
  eden space 175104K, 100% used [0x00000000d5d80000,0x00000000e0880000,0x00000000e0880000)
  from space 10240K, 23% used [0x00000000e1e80000,0x00000000e20e00d0,0x00000000e2880000)
  to   space 16384K, 0% used [0x00000000e0880000,0x00000000e0880000,0x00000000e1880000)
 ParOldGen       total 124416K, used 27156K [0x0000000081800000, 0x0000000089180000, 0x00000000d5d80000)
  object space 124416K, 21% used [0x0000000081800000,0x0000000083285118,0x0000000089180000)
 Metaspace       used 63423K, capacity 66258K, committed 66600K, reserved 1107968K
  class space    used 8381K, capacity 8877K, committed 9000K, reserved 1048576K
Event: 368.972 GC heap after
Heap after GC invocations=26 (full 3):
 PSYoungGen      total 172032K, used 2464K [0x00000000d5d80000, 0x00000000e2100000, 0x0000000100000000)
  eden space 169472K, 0% used [0x00000000d5d80000,0x00000000d5d80000,0x00000000e0300000)
  from space 2560K, 96% used [0x00000000e0880000,0x00000000e0ae80d0,0x00000000e0b00000)
  to   space 15360K, 0% used [0x00000000e1200000,0x00000000e1200000,0x00000000e2100000)
 ParOldGen       total 124416K, used 27164K [0x0000000081800000, 0x0000000089180000, 0x00000000d5d80000)
  object space 124416K, 21% used [0x0000000081800000,0x0000000083287118,0x0000000089180000)
 Metaspace       used 63423K, capacity 66258K, committed 66600K, reserved 1107968K
  class space    used 8381K, capacity 8877K, committed 9000K, reserved 1048576K
}
Event: 375.806 GC heap before
{Heap before GC invocations=27 (full 3):
 PSYoungGen      total 172032K, used 171936K [0x00000000d5d80000, 0x00000000e2100000, 0x0000000100000000)
  eden space 169472K, 100% used [0x00000000d5d80000,0x00000000e0300000,0x00000000e0300000)
  from space 2560K, 96% used [0x00000000e0880000,0x00000000e0ae80d0,0x00000000e0b00000)
  to   space 15360K, 0% used [0x00000000e1200000,0x00000000e1200000,0x00000000e2100000)
 ParOldGen       total 124416K, used 27164K [0x0000000081800000, 0x0000000089180000, 0x00000000d5d80000)
  object space 124416K, 21% used [0x0000000081800000,0x0000000083287118,0x0000000089180000)
 Metaspace       used 63430K, capacity 66258K, committed 66600K, reserved 1107968K
  class space    used 8381K, capacity 8877K, committed 9000K, reserved 1048576K
Event: 375.835 GC heap after
Heap after GC invocations=27 (full 3):
 PSYoungGen      total 173568K, used 2416K [0x00000000d5d80000, 0x00000000e1b00000, 0x0000000100000000)
  eden space 164352K, 0% used [0x00000000d5d80000,0x00000000d5d80000,0x00000000dfe00000)
  from space 9216K, 26% used [0x00000000e1200000,0x00000000e145c0c0,0x00000000e1b00000)
  to   space 14848K, 0% used [0x00000000dfe00000,0x00000000dfe00000,0x00000000e0c80000)
 ParOldGen       total 124416K, used 27172K [0x0000000081800000, 0x0000000089180000, 0x00000000d5d80000)
  object space 124416K, 21% used [0x0000000081800000,0x0000000083289118,0x0000000089180000)
 Metaspace       used 63430K, capacity 66258K, committed 66600K, reserved 1107968K
  class space    used 8381K, capacity 8877K, committed 9000K, reserved 1048576K
}
Event: 383.573 GC heap before
{Heap before GC invocations=28 (full 3):
 PSYoungGen      total 173568K, used 166768K [0x00000000d5d80000, 0x00000000e1b00000, 0x0000000100000000)
  eden space 164352K, 100% used [0x00000000d5d80000,0x00000000dfe00000,0x00000000dfe00000)
  from space 9216K, 26% used [0x00000000e1200000,0x00000000e145c0c0,0x00000000e1b00000)
  to   space 14848K, 0% used [0x00000000dfe00000,0x00000000dfe00000,0x00000000e0c80000)
 ParOldGen       total 124416K, used 27172K [0x0000000081800000, 0x0000000089180000, 0x00000000d5d80000)
  object space 124416K, 21% used [0x0000000081800000,0x0000000083289118,0x0000000089180000)
 Metaspace       used 63430K, capacity 66258K, committed 66600K, reserved 1107968K
  class space    used 8381K, capacity 8877K, committed 9000K, reserved 1048576K
Event: 383.587 GC heap after
Heap after GC invocations=28 (full 3):
 PSYoungGen      total 161792K, used 2432K [0x00000000d5d80000, 0x00000000e1500000, 0x0000000100000000)
  eden space 159232K, 0% used [0x00000000d5d80000,0x00000000d5d80000,0x00000000df900000)
  from space 2560K, 95% used [0x00000000dfe00000,0x00000000e00600d0,0x00000000e0080000)
  to   space 14336K, 0% used [0x00000000e0700000,0x00000000e0700000,0x00000000e1500000)
 ParOldGen       total 124416K, used 27180K [0x0000000081800000, 0x0000000089180000, 0x00000000d5d80000)
  object space 124416K, 21% used [0x0000000081800000,0x000000008328b118,0x0000000089180000)
 Metaspace       used 63430K, capacity 66258K, committed 66600K, reserved 1107968K
  class space    used 8381K, capacity 8877K, committed 9000K, reserved 1048576K
}
Event: 390.230 GC heap before
{Heap before GC invocations=29 (full 3):
 PSYoungGen      total 161792K, used 161664K [0x00000000d5d80000, 0x00000000e1500000, 0x0000000100000000)
  eden space 159232K, 100% used [0x00000000d5d80000,0x00000000df900000,0x00000000df900000)
  from space 2560K, 95% used [0x00000000dfe00000,0x00000000e00600d0,0x00000000e0080000)
  to   space 14336K, 0% used [0x00000000e0700000,0x00000000e0700000,0x00000000e1500000)
 ParOldGen       total 124416K, used 27180K [0x0000000081800000, 0x0000000089180000, 0x00000000d5d80000)
  object space 124416K, 21% used [0x0000000081800000,0x000000008328b118,0x0000000089180000)
 Metaspace       used 63430K, capacity 66258K, committed 66600K, reserved 1107968K
  class space    used 8381K, capacity 8877K, committed 9000K, reserved 1048576K
Event: 390.245 GC heap after
Heap after GC invocations=29 (full 3):
 PSYoungGen      total 163328K, used 224K [0x00000000d5d80000, 0x00000000e0f80000, 0x0000000100000000)
  eden space 154624K, 0% used [0x00000000d5d80000,0x00000000d5d80000,0x00000000df480000)
  from space 8704K, 2% used [0x00000000e0700000,0x00000000e0738000,0x00000000e0f80000)
  to   space 13824K, 0% used [0x00000000df480000,0x00000000df480000,0x00000000e0200000)
 ParOldGen       total 124416K, used 29439K [0x0000000081800000, 0x0000000089180000, 0x00000000d5d80000)
  object space 124416K, 23% used [0x0000000081800000,0x00000000834bfc58,0x0000000089180000)
 Metaspace       used 63430K, capacity 66258K, committed 66600K, reserved 1107968K
  class space    used 8381K, capacity 8877K, committed 9000K, reserved 1048576K
}
Event: 401.810 GC heap before
{Heap before GC invocations=30 (full 3):
 PSYoungGen      total 163328K, used 154848K [0x00000000d5d80000, 0x00000000e0f80000, 0x0000000100000000)
  eden space 154624K, 100% used [0x00000000d5d80000,0x00000000df480000,0x00000000df480000)
  from space 8704K, 2% used [0x00000000e0700000,0x00000000e0738000,0x00000000e0f80000)
  to   space 13824K, 0% used [0x00000000df480000,0x00000000df480000,0x00000000e0200000)
 ParOldGen       total 124416K, used 29439K [0x0000000081800000, 0x0000000089180000, 0x00000000d5d80000)
  object space 124416K, 23% used [0x0000000081800000,0x00000000834bfc58,0x0000000089180000)
 Metaspace       used 63513K, capacity 66322K, committed 66600K, reserved 1107968K
  class space    used 8393K, capacity 8877K, committed 9000K, reserved 1048576K
Event: 401.838 GC heap after
Heap after GC invocations=30 (full 3):
 PSYoungGen      total 150528K, used 224K [0x00000000d5d80000, 0x00000000e0a00000, 0x0000000100000000)
  eden space 150016K, 0% used [0x00000000d5d80000,0x00000000d5d80000,0x00000000df000000)
  from space 512K, 43% used [0x00000000df480000,0x00000000df4b8000,0x00000000df500000)
  to   space 13312K, 0% used [0x00000000dfd00000,0x00000000dfd00000,0x00000000e0a00000)
 ParOldGen       total 124416K, used 29471K [0x0000000081800000, 0x0000000089180000, 0x00000000d5d80000)
  object space 124416K, 23% used [0x0000000081800000,0x00000000834c7c58,0x0000000089180000)
 Metaspace       used 63513K, capacity 66322K, committed 66600K, reserved 1107968K
  class space    used 8393K, capacity 8877K, committed 9000K, reserved 1048576K
}

